-------------------------------------------------------------------------------
Test set: selenium.AppTest
-------------------------------------------------------------------------------
Tests run: 1, Failures: 0, Errors: 1, Skipped: 0, Time elapsed: 0.435 s <<< FAILURE! - in selenium.AppTest
shouldAnswerWithTrue(selenium.AppTest)  Time elapsed: 0.266 s  <<< ERROR!
java.lang.IllegalStateException: The driver executable does not exist: C:\Users\mverm\Documents\Repositorios\ejemploSeleniumWeb\drivers\chromedriver
	at selenium.AppTest.setUp(AppTest.java:25)

